<?xml version="1.0" encoding="UTF-8"?>
<!-- Generated by org.testng.reporters.JUnitXMLReporter -->
<testsuite ignored="0" hostname="Mayank-Laptop" failures="0" tests="4" name="Test" time="31.752" errors="0" timestamp="2022-04-13T13:52:47 IST">
  <testcase classname="Academy.validate" name="basePageNavigation" time="0.067"/>
  <testcase classname="Academy.validateNavigationBar" name="basePageNavigation" time="0.065"/>
  <testcase classname="Academy.HomePage" name="basePageNavigation" time="8.326"/>
  <testcase classname="Academy.HomePage" name="basePageNavigation" time="5.275"/>
</testsuite> <!-- Test -->
