<?xml version="1.0" encoding="UTF-8"?>
<testng-results ignored="0" total="3" passed="3" failed="0" skipped="0">
  <reporter-output>
  </reporter-output>
  <suite started-at="2022-04-20T15:25:21 IST" name="Suite" finished-at="2022-04-20T15:25:35 IST" duration-ms="14103">
    <groups>
    </groups>
    <test started-at="2022-04-20T15:25:21 IST" name="Validation" finished-at="2022-04-20T15:25:29 IST" duration-ms="7938">
      <class name="Academy.validate">
        <test-method is-config="true" signature="initialize()[pri:0, instance:Academy.validate@70dd7e15]" started-at="2022-04-20T15:25:21 IST" name="initialize" finished-at="2022-04-20T15:25:28 IST" duration-ms="7593" status="PASS">
          <reporter-output>
          </reporter-output>
        </test-method> <!-- initialize -->
        <test-method signature="basePageNavigation()[pri:0, instance:Academy.validate@70dd7e15]" started-at="2022-04-20T15:25:28 IST" name="basePageNavigation" finished-at="2022-04-20T15:25:28 IST" duration-ms="45" status="PASS">
          <reporter-output>
          </reporter-output>
        </test-method> <!-- basePageNavigation -->
        <test-method is-config="true" signature="tearDown()[pri:0, instance:Academy.validate@70dd7e15]" started-at="2022-04-20T15:25:28 IST" name="tearDown" finished-at="2022-04-20T15:25:29 IST" duration-ms="291" status="PASS">
          <reporter-output>
          </reporter-output>
        </test-method> <!-- tearDown -->
      </class> <!-- Academy.validate -->
    </test> <!-- Validation -->
    <test started-at="2022-04-20T15:25:21 IST" name="NavigationBar validation" finished-at="2022-04-20T15:25:28 IST" duration-ms="7663">
      <class name="Academy.validateNavigationBar">
        <test-method is-config="true" signature="initialize()[pri:0, instance:Academy.validateNavigationBar@2b62442c]" started-at="2022-04-20T15:25:21 IST" name="initialize" finished-at="2022-04-20T15:25:28 IST" duration-ms="7448" status="PASS">
          <reporter-output>
          </reporter-output>
        </test-method> <!-- initialize -->
        <test-method signature="basePageNavigation()[pri:0, instance:Academy.validateNavigationBar@2b62442c]" started-at="2022-04-20T15:25:28 IST" name="basePageNavigation" finished-at="2022-04-20T15:25:28 IST" duration-ms="75" status="PASS">
          <reporter-output>
          </reporter-output>
        </test-method> <!-- basePageNavigation -->
        <test-method is-config="true" signature="tearDown()[pri:0, instance:Academy.validateNavigationBar@2b62442c]" started-at="2022-04-20T15:25:28 IST" name="tearDown" finished-at="2022-04-20T15:25:28 IST" duration-ms="121" status="PASS">
          <reporter-output>
          </reporter-output>
        </test-method> <!-- tearDown -->
      </class> <!-- Academy.validateNavigationBar -->
    </test> <!-- NavigationBar validation -->
    <test started-at="2022-04-20T15:25:21 IST" name="Home Page validation" finished-at="2022-04-20T15:25:35 IST" duration-ms="14103">
      <class name="Academy.HomePage">
        <test-method is-config="true" signature="initialize()[pri:0, instance:Academy.HomePage@25f7391e]" started-at="2022-04-20T15:25:21 IST" name="initialize" finished-at="2022-04-20T15:25:24 IST" duration-ms="3210" status="PASS">
          <reporter-output>
          </reporter-output>
        </test-method> <!-- initialize -->
        <test-method signature="basePageNavigation(java.lang.String,java.lang.String)[pri:0, instance:Academy.HomePage@25f7391e]" started-at="2022-04-20T15:25:24 IST" name="basePageNavigation" data-provider="getData" finished-at="2022-04-20T15:25:35 IST" duration-ms="10751" status="PASS">
          <params>
            <param index="0">
              <value>
                <![CDATA[restricteduser@gmail.com]]>
              </value>
            </param>
            <param index="1">
              <value>
                <![CDATA[password]]>
              </value>
            </param>
          </params>
          <reporter-output>
          </reporter-output>
        </test-method> <!-- basePageNavigation -->
        <test-method is-config="true" signature="tearDown()[pri:0, instance:Academy.HomePage@25f7391e]" started-at="2022-04-20T15:25:35 IST" name="tearDown" finished-at="2022-04-20T15:25:35 IST" duration-ms="92" status="PASS">
          <reporter-output>
          </reporter-output>
        </test-method> <!-- tearDown -->
      </class> <!-- Academy.HomePage -->
    </test> <!-- Home Page validation -->
  </suite> <!-- Suite -->
</testng-results>
